<?xml version="1.0" encoding="UTF-8"?>
<testsuites>
  <testsuite name="Project Test Suite" tests="3" assertions="3" errors="0" failures="0" skipped="0" time="0.496720">
    <testsuite name="App\Tests\TestcontrollerTest" file="/home/bass-codeur/sites/projetfil/tests/TestcontrollerTest.php" tests="3" assertions="3" errors="0" failures="0" skipped="0" time="0.496720">
      <testcase name="testDepotok" class="App\Tests\TestcontrollerTest" classname="App.Tests.TestcontrollerTest" file="/home/bass-codeur/sites/projetfil/tests/TestcontrollerTest.php" line="39" assertions="1" time="0.415255"/>
      <testcase name="testDepotko" class="App\Tests\TestcontrollerTest" classname="App.Tests.TestcontrollerTest" file="/home/bass-codeur/sites/projetfil/tests/TestcontrollerTest.php" line="63" assertions="1" time="0.045345"/>
      <testcase name="testloginko" class="App\Tests\TestcontrollerTest" classname="App.Tests.TestcontrollerTest" file="/home/bass-codeur/sites/projetfil/tests/TestcontrollerTest.php" line="109" assertions="1" time="0.036120"/>
    </testsuite>
  </testsuite>
</testsuites>
